Tue Feb 18 16:02:53.189 [initandlisten] MongoDB starting : pid=11010 port=27017 dbpath=/root/SourceEclipseJuno/org.wiperdog.xwiki_lib/target/data 32-bit host=vmRHEL55x64
Tue Feb 18 16:02:53.189 [initandlisten] 
Tue Feb 18 16:02:53.189 [initandlisten] ** NOTE: This is a 32 bit MongoDB binary.
Tue Feb 18 16:02:53.189 [initandlisten] **       32 bit builds are limited to less than 2GB of data (or less with --journal).
Tue Feb 18 16:02:53.189 [initandlisten] **       Note that journaling defaults to off for 32 bit and is currently off.
Tue Feb 18 16:02:53.189 [initandlisten] **       See http://dochub.mongodb.org/core/32bit
Tue Feb 18 16:02:53.189 [initandlisten] 
Tue Feb 18 16:02:53.189 [initandlisten] db version v2.4.5
Tue Feb 18 16:02:53.189 [initandlisten] git version: a2ddc68ba7c9cee17bfe69ed840383ec3506602b
Tue Feb 18 16:02:53.189 [initandlisten] build info: Linux bs-linux32.10gen.cc 2.6.21.7-2.fc8xen #1 SMP Fri Feb 15 12:39:36 EST 2008 i686 BOOST_LIB_VERSION=1_49
Tue Feb 18 16:02:53.189 [initandlisten] allocator: system
Tue Feb 18 16:02:53.189 [initandlisten] options: { dbpath: "/root/SourceEclipseJuno/org.wiperdog.xwiki_lib/target/data", fork: true, logpath: "/root/SourceEclipseJuno/org.wiperdog.xwiki_lib/target/log/mongod.log", noauth: true, pidfilepath: "/root/SourceEclipseJuno/org.wiperdog.xwiki_lib/target/run/mongod.pid" }
Tue Feb 18 16:02:53.196 [initandlisten] ERROR: listen(): bind() failed errno:98 Address already in use for socket: 0.0.0.0:27017
Tue Feb 18 16:02:53.196 [initandlisten] ERROR:   addr already in use
Tue Feb 18 16:02:53.196 [initandlisten] now exiting
Tue Feb 18 16:02:53.196 dbexit: 
Tue Feb 18 16:02:53.196 [initandlisten] shutdown: going to close listening sockets...
Tue Feb 18 16:02:53.196 [initandlisten] shutdown: going to flush diaglog...
Tue Feb 18 16:02:53.196 [initandlisten] shutdown: going to close sockets...
Tue Feb 18 16:02:53.196 [initandlisten] shutdown: waiting for fs preallocator...
Tue Feb 18 16:02:53.196 [initandlisten] shutdown: closing all files...
Tue Feb 18 16:02:53.196 [initandlisten] closeAllFiles() finished
Tue Feb 18 16:02:53.196 [initandlisten] shutdown: removing fs lock...
Tue Feb 18 16:02:53.196 dbexit: really exiting now
